.DATA
VT_Object:
DW 0  ; VT vacía
VT_String:
DW 0  ; VT vacía
VT_System:
DW 0  ; VT vacía
VT_A:
DW 0  ; VT vacía
.CODE
PUSH simple_heap_init
CALL
PUSH main
CALL
HALT
simple_heap_init:
RET 0
simple_malloc:
LOADFP
LOADSP
STOREFP
LOADHL
DUP
PUSH 1
ADD
STORE 4
LOAD 3
ADD
STOREHL
STOREFP
RET 1
ctor_Object:
LOADFP
LOADSP
STOREFP
STOREFP
RET 1
ctor_String:
LOADFP
LOADSP
STOREFP
STOREFP
RET 1
ctor_System:
LOADFP
LOADSP
STOREFP
STOREFP
RET 1
; Clase Object
Object_debugPrint:
LOADFP
LOADSP
STOREFP
LOAD 3
IPRINT
STOREFP
RET 1
; Clase System
System_read:
LOADFP
LOADSP
STOREFP
READ
STORE 3
STOREFP
RET 0
System_printB:
LOADFP
LOADSP
STOREFP
LOAD 3
BPRINT
STOREFP
RET 1
System_printC:
LOADFP
LOADSP
STOREFP
LOAD 3
CPRINT
STOREFP
RET 1
System_printI:
LOADFP
LOADSP
STOREFP
LOAD 3
IPRINT
STOREFP
RET 1
System_printS:
LOADFP
LOADSP
STOREFP
LOAD 3
SPRINT
STOREFP
RET 1
System_println:
LOADFP
LOADSP
STOREFP
PRNLN
STOREFP
RET 0
System_printBln:
LOADFP
LOADSP
STOREFP
LOAD 3
BPRINT
PRNLN
STOREFP
RET 1
System_printCln:
LOADFP
LOADSP
STOREFP
LOAD 3
CPRINT
PRNLN
STOREFP
RET 1
System_printIln:
LOADFP
LOADSP
STOREFP
LOAD 3
IPRINT
PRNLN
STOREFP
RET 1
System_printSln:
LOADFP
LOADSP
STOREFP
LOAD 3
SPRINT
PRNLN
STOREFP
RET 1
ctor_A:
LOADFP
LOADSP
STOREFP
LOAD 5
LOAD 3
SWAP
STOREREF 2
LOAD 4
LOAD 3
SWAP
STOREREF 1
STOREFP
RET 3
A_m1:
LOADFP
LOADSP
STOREFP
PUSH 15
PUSH 15
    ADD
PUSH 21
    SUB
PUSH 21
    SUB
PUSH 1
    MUL
STORE 3
JUMP end_method_A_m1
NOP
end_method_A_m1:
STOREFP
RET 0
A_m2:
LOADFP
LOADSP
STOREFP
PUSH 1
PUSH 2
    GT
BF else_1
PUSH 0
STORE 3
JUMP end_method_A_m2
JUMP end_if_1
else_1:
PUSH 0
PUSH 1
    LT
BF else_2
PUSH 1
STORE 3
JUMP end_method_A_m2
else_2:
PUSH 0
STORE 3
JUMP end_method_A_m2
end_if_1:
NOP
end_method_A_m2:
STOREFP
RET 0
main:
LOADFP
LOADSP
STOREFP
RMEM 1
RMEM 1
PUSH 3
PUSH simple_malloc
CALL
DUP
PUSH VT_A
STOREREF 0
DUP
RMEM 1
PUSH A_m1
CALL
SWAP
RMEM 1
PUSH A_m2
CALL
SWAP
PUSH ctor_A
CALL
STORE 0
RMEM 1
LOAD 0
LOADREF 2
STORE -1
RMEM 1
LOAD 0
LOADREF 1
STORE -2
LOAD -1
PUSH System_printIln
CALL
LOAD -2
PUSH System_printBln
CALL
JUMP end_method_main
NOP
end_method_main:
FMEM 3
STOREFP
RET 0
