.DATA
VT_Object:
DW 0  ; VT vacía
VT_String:
DW 0  ; VT vacía
VT_System:
DW 0  ; VT vacía
VT_A:
DW 0  ; VT vacía
VT_B:
DW B_m1
VT_C:
DW B_m1, C_m0
VT_Main:
DW 0  ; VT vacía
.CODE
PUSH simple_heap_init
CALL
PUSH main
CALL
HALT
simple_heap_init:
RET 0
simple_malloc:
LOADFP
LOADSP
STOREFP
LOADHL
DUP
PUSH 1
ADD
STORE 4
LOAD 3
ADD
STOREHL
STOREFP
RET 1
ctor_Object:
LOADFP
LOADSP
STOREFP
STOREFP
RET 1
ctor_String:
LOADFP
LOADSP
STOREFP
STOREFP
RET 1
ctor_System:
LOADFP
LOADSP
STOREFP
STOREFP
RET 1
; Clase Object
Object_debugPrint:
LOADFP
LOADSP
STOREFP
LOAD 3
IPRINT
STOREFP
RET 1
; Clase System
System_read:
LOADFP
LOADSP
STOREFP
READ
STORE 3
STOREFP
RET 0
System_printB:
LOADFP
LOADSP
STOREFP
LOAD 3
BPRINT
STOREFP
RET 1
System_printC:
LOADFP
LOADSP
STOREFP
LOAD 3
CPRINT
STOREFP
RET 1
System_printI:
LOADFP
LOADSP
STOREFP
LOAD 3
IPRINT
STOREFP
RET 1
System_printS:
LOADFP
LOADSP
STOREFP
LOAD 3
SPRINT
STOREFP
RET 1
System_println:
LOADFP
LOADSP
STOREFP
PRNLN
STOREFP
RET 0
System_printBln:
LOADFP
LOADSP
STOREFP
LOAD 3
BPRINT
PRNLN
STOREFP
RET 1
System_printCln:
LOADFP
LOADSP
STOREFP
LOAD 3
CPRINT
PRNLN
STOREFP
RET 1
System_printIln:
LOADFP
LOADSP
STOREFP
LOAD 3
IPRINT
PRNLN
STOREFP
RET 1
System_printSln:
LOADFP
LOADSP
STOREFP
LOAD 3
SPRINT
PRNLN
STOREFP
RET 1
ctor_A:
LOADFP
LOADSP
STOREFP
STOREFP
RET 1
ctor_B:
LOADFP
LOADSP
STOREFP
STOREFP
RET 1
B_m1:
LOADFP
LOADSP
STOREFP
LOAD 3
LOADREF 3
LOAD 3
LOADREF 1
    ADD
LOAD 3
SWAP
STOREREF 3
LOAD 3
LOADREF 3
PUSH System_printIln
CALL
JUMP end_method_B_m1
NOP
end_method_B_m1:
STOREFP
RET 1
ctor_C:
LOADFP
LOADSP
STOREFP
STOREFP
RET 1
C_m0:
LOADFP
LOADSP
STOREFP
PUSH str_0
LOAD 3
SWAP
STOREREF 5
JUMP end_method_C_m0
NOP
end_method_C_m0:
STOREFP
RET 1
ctor_Main:
LOADFP
LOADSP
STOREFP
STOREFP
RET 1
main:
LOADFP
LOADSP
STOREFP
RMEM 1
RMEM 1
PUSH 3
PUSH simple_malloc
CALL
DUP
PUSH VT_A
STOREREF 0
DUP
PUSH ctor_A
CALL
STORE 0
LOAD 0
LOADREF 1
PUSH System_printIln
CALL
PUSH 5
LOAD 0
SWAP
STOREREF 1
LOAD 0
LOADREF 1
PUSH System_printIln
CALL
RMEM 1
PUSH 5
PUSH simple_malloc
CALL
DUP
PUSH VT_B
STOREREF 0
DUP
PUSH ctor_B
CALL
STORE 0
LOAD 0
LOADREF 1
PUSH System_printIln
CALL
PUSH 5
LOAD 0
SWAP
STOREREF 1
LOAD 0
LOADREF 1
PUSH System_printIln
CALL
RMEM 1
PUSH 6
PUSH simple_malloc
CALL
DUP
PUSH VT_C
STOREREF 0
DUP
PUSH ctor_C
CALL
STORE 0
LOAD 0
LOADREF 1
PUSH System_printIln
CALL
PUSH 5
LOAD 0
SWAP
STOREREF 1
LOAD 0
LOADREF 1
PUSH System_printIln
CALL
PUSH System_println
CALL
RMEM 1
RMEM 1
PUSH 5
PUSH simple_malloc
CALL
DUP
PUSH VT_B
STOREREF 0
DUP
PUSH ctor_B
CALL
STORE -1
LOAD -1
LOADREF 1
PUSH System_printIln
CALL
PUSH 5
LOAD -1
SWAP
STOREREF 1
LOAD -1
LOADREF 1
PUSH System_printIln
CALL
LOAD -1
DUP
LOADREF 0 
LOADREF 0
CALL
RMEM 1
PUSH 6
PUSH simple_malloc
CALL
DUP
PUSH VT_C
STOREREF 0
DUP
PUSH ctor_C
CALL
STORE -1
LOAD -1
LOADREF 1
PUSH System_printIln
CALL
PUSH 5
LOAD -1
SWAP
STOREREF 1
LOAD -1
LOADREF 1
PUSH System_printIln
CALL
LOAD -1
DUP
LOADREF 0 
LOADREF 0
CALL
PUSH System_println
CALL
RMEM 1
RMEM 1
PUSH 6
PUSH simple_malloc
CALL
DUP
PUSH VT_C
STOREREF 0
DUP
PUSH ctor_C
CALL
STORE -2
PUSH 5
LOAD -2
SWAP
STOREREF 1
LOAD -2
DUP
LOADREF 0 
LOADREF 0
CALL
LOAD -2
DUP
LOADREF 0 
LOADREF 1
CALL
LOAD -2
LOADREF 5
PUSH System_printSln
CALL
JUMP end_method_main
NOP
end_method_main:
FMEM 3
STOREFP
RET 0
.DATA
str_0: DW "prueba clase C", 0
