.DATA
VT_Object:
DW 0  ; VT vacía
VT_String:
DW 0  ; VT vacía
VT_System:
DW 0  ; VT vacía
VT_A:
DW B_m1
VT_B:
DW B_m1
VT_C:
DW C_m1, C_m2
.CODE
PUSH simple_heap_init
CALL
PUSH main
CALL
HALT
simple_heap_init:
RET 0
simple_malloc:
LOADFP
LOADSP
STOREFP
LOADHL
DUP
PUSH 1
ADD
STORE 4
LOAD 3
ADD
STOREHL
STOREFP
RET 1
ctor_Object:
LOADFP
LOADSP
STOREFP
STOREFP
RET 1
ctor_String:
LOADFP
LOADSP
STOREFP
STOREFP
RET 1
ctor_System:
LOADFP
LOADSP
STOREFP
STOREFP
RET 1
; Clase Object
Object_debugPrint:
LOADFP
LOADSP
STOREFP
LOAD 3
IPRINT
STOREFP
RET 1
; Clase System
System_read:
LOADFP
LOADSP
STOREFP
READ
STORE 3
STOREFP
RET 0
System_printB:
LOADFP
LOADSP
STOREFP
LOAD 3
BPRINT
STOREFP
RET 1
System_printC:
LOADFP
LOADSP
STOREFP
LOAD 3
CPRINT
STOREFP
RET 1
System_printI:
LOADFP
LOADSP
STOREFP
LOAD 3
IPRINT
STOREFP
RET 1
System_printS:
LOADFP
LOADSP
STOREFP
LOAD 3
SPRINT
STOREFP
RET 1
System_println:
LOADFP
LOADSP
STOREFP
PRNLN
STOREFP
RET 0
System_printBln:
LOADFP
LOADSP
STOREFP
LOAD 3
BPRINT
PRNLN
STOREFP
RET 1
System_printCln:
LOADFP
LOADSP
STOREFP
LOAD 3
CPRINT
PRNLN
STOREFP
RET 1
System_printIln:
LOADFP
LOADSP
STOREFP
LOAD 3
IPRINT
PRNLN
STOREFP
RET 1
System_printSln:
LOADFP
LOADSP
STOREFP
LOAD 3
SPRINT
PRNLN
STOREFP
RET 1
ctor_A:
LOADFP
LOADSP
STOREFP
STOREFP
RET 1
main:
LOADFP
LOADSP
STOREFP
RMEM 1
RMEM 1
PUSH 1
PUSH simple_malloc
CALL
DUP
PUSH VT_B
STOREREF 0
DUP
PUSH ctor_B
CALL
STORE 0
RMEM 1
RMEM 1
PUSH 1
PUSH simple_malloc
CALL
DUP
PUSH VT_A
STOREREF 0
DUP
PUSH ctor_A
CALL
STORE -1
RMEM 1
RMEM 1
PUSH 1
PUSH simple_malloc
CALL
DUP
PUSH VT_C
STOREREF 0
DUP
PUSH ctor_C
CALL
STORE -2
RMEM 1
PUSH 1
STORE -3
RMEM 1
PUSH 0
STORE -4
PUSH str_0
PUSH System_printSln
CALL
LOAD 0
RMEM 1
SWAP
DUP
LOADREF 0 
LOADREF 0
CALL
STORE -3
LOAD -3
PUSH System_printIln
CALL
PUSH System_println
CALL
RMEM 1
PUSH 1
PUSH simple_malloc
CALL
DUP
PUSH VT_A
STOREREF 0
DUP
PUSH ctor_A
CALL
STORE 0
LOAD 0
RMEM 1
SWAP
DUP
LOADREF 0 
LOADREF 0
CALL
PUSH System_printIln
CALL
PUSH System_println
CALL
RMEM 1
PUSH 1
PUSH simple_malloc
CALL
DUP
PUSH VT_C
STOREREF 0
DUP
PUSH ctor_C
CALL
STORE 0
LOAD 0
RMEM 1
SWAP
DUP
LOADREF 0 
LOADREF 0
CALL
STORE -3
LOAD -3
PUSH System_printIln
CALL
PUSH System_println
CALL
PUSH System_println
CALL
PUSH str_1
PUSH System_printSln
CALL
LOAD -1
RMEM 1
SWAP
DUP
LOADREF 0 
LOADREF 0
CALL
STORE -3
LOAD -3
PUSH System_printIln
CALL
PUSH System_println
CALL
RMEM 1
PUSH 1
PUSH simple_malloc
CALL
DUP
PUSH VT_C
STOREREF 0
DUP
PUSH ctor_C
CALL
STORE -1
LOAD -1
RMEM 1
SWAP
DUP
LOADREF 0 
LOADREF 0
CALL
PUSH Object_debugPrint
CALL
PUSH System_println
CALL
PUSH System_println
CALL
PUSH System_println
CALL
PUSH str_2
PUSH System_printSln
CALL
LOAD -2
RMEM 1
SWAP
DUP
LOADREF 0 
LOADREF 0
CALL
PUSH System_printIln
CALL
LOAD -2
RMEM 1
SWAP
DUP
LOADREF 0 
LOADREF 1
CALL
STORE -3
LOAD -3
PUSH System_printIln
CALL
LOAD -2
POP
RMEM 1
PUSH C_test
CALL
STORE -4
LOAD -4
PUSH System_printBln
CALL
PUSH System_println
CALL
JUMP end_method_main
NOP
end_method_main:
FMEM 5
STOREFP
RET 0
ctor_B:
LOADFP
LOADSP
STOREFP
STOREFP
RET 1
B_m1:
LOADFP
LOADSP
STOREFP
PUSH 0
STORE 4
JUMP end_method_B_m1
NOP
end_method_B_m1:
STOREFP
RET 1
ctor_C:
LOADFP
LOADSP
STOREFP
STOREFP
RET 1
C_m1:
LOADFP
LOADSP
STOREFP
PUSH 1
STORE 4
JUMP end_method_C_m1
NOP
end_method_C_m1:
STOREFP
RET 1
C_test:
LOADFP
LOADSP
STOREFP
PUSH 1
STORE 3
JUMP end_method_C_test
NOP
end_method_C_test:
STOREFP
RET 0
C_m2:
LOADFP
LOADSP
STOREFP
PUSH 2
STORE 4
JUMP end_method_C_m2
NOP
end_method_C_m2:
STOREFP
RET 1
.DATA
str_0: DW "Test B", 0
str_1: DW "Test A", 0
str_2: DW "Test C", 0
