.DATA
VT_Object:
DW 0  ; VT vacía
VT_String:
DW 0  ; VT vacía
VT_System:
DW 0  ; VT vacía
VT_Rectangulo:
DW Rectangulo_area
VT_TestPolimorfismo:
DW TestPolimorfismo_metodo
VT_Figura:
DW Figura_area
.CODE
PUSH simple_heap_init
CALL
PUSH main
CALL
HALT
simple_heap_init:
RET 0
simple_malloc:
LOADFP
LOADSP
STOREFP
LOADHL
DUP
PUSH 1
ADD
STORE 4
LOAD 3
ADD
STOREHL
STOREFP
RET 1
ctor_Object:
LOADFP
LOADSP
STOREFP
STOREFP
RET 1
ctor_String:
LOADFP
LOADSP
STOREFP
STOREFP
RET 1
ctor_System:
LOADFP
LOADSP
STOREFP
STOREFP
RET 1
; Clase Object
Object_debugPrint:
LOADFP
LOADSP
STOREFP
LOAD 3
IPRINT
STOREFP
RET 1
; Clase System
System_read:
LOADFP
LOADSP
STOREFP
READ
STORE 3
STOREFP
RET 0
System_printB:
LOADFP
LOADSP
STOREFP
LOAD 3
BPRINT
STOREFP
RET 1
System_printC:
LOADFP
LOADSP
STOREFP
LOAD 3
CPRINT
STOREFP
RET 1
System_printI:
LOADFP
LOADSP
STOREFP
LOAD 3
IPRINT
STOREFP
RET 1
System_printS:
LOADFP
LOADSP
STOREFP
LOAD 3
SPRINT
STOREFP
RET 1
System_println:
LOADFP
LOADSP
STOREFP
PRNLN
STOREFP
RET 0
System_printBln:
LOADFP
LOADSP
STOREFP
LOAD 3
BPRINT
PRNLN
STOREFP
RET 1
System_printCln:
LOADFP
LOADSP
STOREFP
LOAD 3
CPRINT
PRNLN
STOREFP
RET 1
System_printIln:
LOADFP
LOADSP
STOREFP
LOAD 3
IPRINT
PRNLN
STOREFP
RET 1
System_printSln:
LOADFP
LOADSP
STOREFP
LOAD 3
SPRINT
PRNLN
STOREFP
RET 1
ctor_Rectangulo:
LOADFP
LOADSP
STOREFP
STOREFP
RET 1
Rectangulo_area:
LOADFP
LOADSP
STOREFP
LOAD 3
LOADREF 2
LOAD 3
LOADREF 1
    MUL
STORE 4
JUMP end_method_Rectangulo_area
NOP
end_method_Rectangulo_area:
STOREFP
RET 1
ctor_TestPolimorfismo:
LOADFP
LOADSP
STOREFP
STOREFP
RET 1
TestPolimorfismo_metodo:
LOADFP
LOADSP
STOREFP
RMEM 1
RMEM 1
PUSH 3
PUSH simple_malloc
CALL
DUP
PUSH VT_Rectangulo
STOREREF 0
DUP
PUSH ctor_Rectangulo
CALL
STORE 0
RMEM 1
LOAD 0
RMEM 1
SWAP
DUP
LOADREF 0 
LOADREF 0
CALL
STORE -1
RMEM 1
RMEM 1
PUSH 1
PUSH simple_malloc
CALL
DUP
PUSH VT_Figura
STOREREF 0
DUP
PUSH ctor_Figura
CALL
STORE -2
RMEM 1
PUSH 3
PUSH simple_malloc
CALL
DUP
PUSH VT_Rectangulo
STOREREF 0
DUP
PUSH ctor_Rectangulo
CALL
STORE -2
RMEM 1
LOAD -2
RMEM 1
SWAP
DUP
LOADREF 0 
LOADREF 0
CALL
STORE -3
JUMP end_method_TestPolimorfismo_metodo
NOP
end_method_TestPolimorfismo_metodo:
FMEM 4
STOREFP
RET 1
ctor_Figura:
LOADFP
LOADSP
STOREFP
STOREFP
RET 1
Figura_area:
LOADFP
LOADSP
STOREFP
PUSH 0
STORE 4
JUMP end_method_Figura_area
NOP
end_method_Figura_area:
STOREFP
RET 1
