.DATA
VT_Object:
DW 0  ; VT vacía
VT_String:
DW 0  ; VT vacía
VT_System:
DW 0  ; VT vacía
VT_Test37:
DW 0  ; VT vacía
.CODE
PUSH simple_heap_init
CALL
PUSH main
CALL
HALT
simple_heap_init:
RET 0
simple_malloc:
LOADFP
LOADSP
STOREFP
LOADHL
DUP
PUSH 1
ADD
STORE 4
LOAD 3
ADD
STOREHL
STOREFP
RET 1
ctor_Object:
LOADFP
LOADSP
STOREFP
STOREFP
RET 1
ctor_String:
LOADFP
LOADSP
STOREFP
STOREFP
RET 1
ctor_System:
LOADFP
LOADSP
STOREFP
STOREFP
RET 1
; Clase Object
Object_debugPrint:
LOADFP
LOADSP
STOREFP
LOAD 3
IPRINT
STOREFP
RET 1
; Clase System
System_read:
LOADFP
LOADSP
STOREFP
READ
STORE 3
STOREFP
RET 0
System_printB:
LOADFP
LOADSP
STOREFP
LOAD 3
BPRINT
STOREFP
RET 1
System_printC:
LOADFP
LOADSP
STOREFP
LOAD 3
CPRINT
STOREFP
RET 1
System_printI:
LOADFP
LOADSP
STOREFP
LOAD 3
IPRINT
STOREFP
RET 1
System_printS:
LOADFP
LOADSP
STOREFP
LOAD 3
SPRINT
STOREFP
RET 1
System_println:
LOADFP
LOADSP
STOREFP
PRNLN
STOREFP
RET 0
System_printBln:
LOADFP
LOADSP
STOREFP
LOAD 3
BPRINT
PRNLN
STOREFP
RET 1
System_printCln:
LOADFP
LOADSP
STOREFP
LOAD 3
CPRINT
PRNLN
STOREFP
RET 1
System_printIln:
LOADFP
LOADSP
STOREFP
LOAD 3
IPRINT
PRNLN
STOREFP
RET 1
System_printSln:
LOADFP
LOADSP
STOREFP
LOAD 3
SPRINT
PRNLN
STOREFP
RET 1
ctor_Test37:
LOADFP
LOADSP
STOREFP
STOREFP
RET 1
Test37_multiply3:
LOADFP
LOADSP
STOREFP
LOAD 5
LOAD 4
    MUL
LOAD 3
    MUL
STORE 6
JUMP end_method_Test37_multiply3
NOP
end_method_Test37_multiply3:
STOREFP
RET 3
main:
LOADFP
LOADSP
STOREFP
RMEM 1
PUSH 2
PUSH 3
PUSH 4
PUSH Test37_multiply3
CALL
PUSH System_printIln
CALL
JUMP end_method_main
NOP
end_method_main:
STOREFP
RET 0
