.DATA
VT_MultiAttr:
DW MultiAttr_init, MultiAttr_sum
VT_InitA10:
DW 0  ; VT vacía
.CODE
PUSH simple_heap_init
CALL
PUSH main
CALL
HALT
simple_heap_init:
RET 0
simple_malloc:
LOADFP
LOADSP
STOREFP
LOADHL
DUP
PUSH 1
ADD
STORE 4
LOAD 3
ADD
STOREHL
STOREFP
RET 1
; Clase Object
Object_debugPrint:
LOADFP
LOADSP
STOREFP
LOAD 3
IPRINT
STOREFP
RET 1
; Clase System
System_read:
LOADFP
LOADSP
STOREFP
READ
STORE 3
STOREFP
RET 0
System_printB:
LOADFP
LOADSP
STOREFP
LOAD 3
BPRINT
STOREFP
RET 1
System_printC:
LOADFP
LOADSP
STOREFP
LOAD 3
CPRINT
STOREFP
RET 1
System_printI:
LOADFP
LOADSP
STOREFP
LOAD 3
IPRINT
STOREFP
RET 1
System_printS:
LOADFP
LOADSP
STOREFP
LOAD 3
SPRINT
STOREFP
RET 1
System_println:
LOADFP
LOADSP
STOREFP
PRNLN
STOREFP
RET 0
System_printBln:
LOADFP
LOADSP
STOREFP
LOAD 3
BPRINT
PRNLN
STOREFP
RET 1
System_printCln:
LOADFP
LOADSP
STOREFP
LOAD 3
CPRINT
PRNLN
STOREFP
RET 1
System_printIln:
LOADFP
LOADSP
STOREFP
LOAD 3
IPRINT
PRNLN
STOREFP
RET 1
System_printSln:
LOADFP
LOADSP
STOREFP
LOAD 3
SPRINT
PRNLN
STOREFP
RET 1
ctor_MultiAttr:
LOADFP
LOADSP
STOREFP
STOREFP
RET 1
MultiAttr_init:
LOADFP
LOADSP
STOREFP
LOAD 6
LOAD 3
SWAP
STOREREF 1
LOAD 5
LOAD 3
SWAP
STOREREF 2
LOAD 4
LOAD 3
SWAP
STOREREF 3
STOREFP
RET 4
MultiAttr_sum:
LOADFP
LOADSP
STOREFP
LOAD 3
LOADREF 1
LOAD 3
LOADREF 2
    ADD
LOAD 3
LOADREF 3
    ADD
STORE 4
STOREFP
RET 1
ctor_InitA10:
LOADFP
LOADSP
STOREFP
STOREFP
RET 1
main:
LOADFP
LOADSP
STOREFP
RMEM 1
RMEM 1
PUSH 4
PUSH simple_malloc
CALL
DUP
PUSH VT_MultiAttr
STOREREF 0
DUP
PUSH ctor_MultiAttr
CALL
STORE 0
LOAD 0
PUSH 50
SWAP
PUSH 60
SWAP
PUSH 40
SWAP
DUP
LOADREF 0 
LOADREF 0
CALL
LOAD 0
RMEM 1
SWAP
DUP
LOADREF 0 
LOADREF 1
CALL
PUSH Object_debugPrint
CALL
FMEM 1
STOREFP
RET 0
