.DATA
VT_Object:
DW 0  ; VT vacía
VT_String:
DW 0  ; VT vacía
VT_System:
DW 0  ; VT vacía
VT_A:
DW A_getValue, A_getSelf
VT_Test58:
DW 0  ; VT vacía
.CODE
PUSH simple_heap_init
CALL
PUSH main
CALL
HALT
simple_heap_init:
RET 0
simple_malloc:
LOADFP
LOADSP
STOREFP
LOADHL
DUP
PUSH 1
ADD
STORE 4
LOAD 3
ADD
STOREHL
STOREFP
RET 1
ctor_Object:
LOADFP
LOADSP
STOREFP
STOREFP
RET 1
ctor_String:
LOADFP
LOADSP
STOREFP
STOREFP
RET 1
ctor_System:
LOADFP
LOADSP
STOREFP
STOREFP
RET 1
; Clase Object
Object_debugPrint:
LOADFP
LOADSP
STOREFP
LOAD 3
IPRINT
STOREFP
RET 1
; Clase System
System_read:
LOADFP
LOADSP
STOREFP
READ
STORE 3
STOREFP
RET 0
System_printB:
LOADFP
LOADSP
STOREFP
LOAD 3
BPRINT
STOREFP
RET 1
System_printC:
LOADFP
LOADSP
STOREFP
LOAD 3
CPRINT
STOREFP
RET 1
System_printI:
LOADFP
LOADSP
STOREFP
LOAD 3
IPRINT
STOREFP
RET 1
System_printS:
LOADFP
LOADSP
STOREFP
LOAD 3
SPRINT
STOREFP
RET 1
System_println:
LOADFP
LOADSP
STOREFP
PRNLN
STOREFP
RET 0
System_printBln:
LOADFP
LOADSP
STOREFP
LOAD 3
BPRINT
PRNLN
STOREFP
RET 1
System_printCln:
LOADFP
LOADSP
STOREFP
LOAD 3
CPRINT
PRNLN
STOREFP
RET 1
System_printIln:
LOADFP
LOADSP
STOREFP
LOAD 3
IPRINT
PRNLN
STOREFP
RET 1
System_printSln:
LOADFP
LOADSP
STOREFP
LOAD 3
SPRINT
PRNLN
STOREFP
RET 1
ctor_A:
LOADFP
LOADSP
STOREFP
STOREFP
RET 1
A_getValue:
LOADFP
LOADSP
STOREFP
LOAD 3
LOADREF 1
STORE 4
JUMP end_method_A_getValue
NOP
end_method_A_getValue:
STOREFP
RET 1
A_getSelf:
LOADFP
LOADSP
STOREFP
LOAD 3
STORE 4
JUMP end_method_A_getSelf
NOP
end_method_A_getSelf:
STOREFP
RET 1
ctor_Test58:
LOADFP
LOADSP
STOREFP
STOREFP
RET 1
main:
LOADFP
LOADSP
STOREFP
RMEM 1
RMEM 1
PUSH 2
PUSH simple_malloc
CALL
DUP
PUSH VT_A
STOREREF 0
DUP
PUSH ctor_A
CALL
STORE 0
PUSH 100
LOAD 0
SWAP
STOREREF 1
PUSH 200
LOAD 0
RMEM 1
SWAP
DUP
LOADREF 0 
LOADREF 1
CALL
SWAP
STOREREF 1
LOAD 0
RMEM 1
SWAP
DUP
LOADREF 0 
LOADREF 1
CALL
LOADREF 1
PUSH System_printIln
CALL
LOAD 0
RMEM 1
SWAP
DUP
LOADREF 0 
LOADREF 1
CALL
LOADREF 1
PUSH 50
    ADD
LOAD 0
RMEM 1
SWAP
DUP
LOADREF 0 
LOADREF 1
CALL
SWAP
STOREREF 1
LOAD 0
RMEM 1
SWAP
DUP
LOADREF 0 
LOADREF 1
CALL
LOADREF 1
PUSH System_printIln
CALL
LOAD 0
RMEM 1
SWAP
DUP
LOADREF 0 
LOADREF 1
CALL
RMEM 1
SWAP
DUP
LOADREF 0 
LOADREF 0
CALL
PUSH 1
    ADD
LOAD 0
RMEM 1
SWAP
DUP
LOADREF 0 
LOADREF 1
CALL
SWAP
STOREREF 1
LOAD 0
RMEM 1
SWAP
DUP
LOADREF 0 
LOADREF 1
CALL
RMEM 1
SWAP
DUP
LOADREF 0 
LOADREF 0
CALL
PUSH System_printIln
CALL
JUMP end_method_main
NOP
end_method_main:
FMEM 1
STOREFP
RET 0
