.DATA
VT_Object:
DW 0  ; VT vacía
VT_String:
DW 0  ; VT vacía
VT_System:
DW 0  ; VT vacía
VT_Test75:
DW 0  ; VT vacía
.CODE
PUSH simple_heap_init
CALL
PUSH main
CALL
HALT
simple_heap_init:
RET 0
simple_malloc:
LOADFP
LOADSP
STOREFP
LOADHL
DUP
PUSH 1
ADD
STORE 4
LOAD 3
ADD
STOREHL
STOREFP
RET 1
ctor_Object:
LOADFP
LOADSP
STOREFP
STOREFP
RET 1
ctor_String:
LOADFP
LOADSP
STOREFP
STOREFP
RET 1
ctor_System:
LOADFP
LOADSP
STOREFP
STOREFP
RET 1
; Clase Object
Object_debugPrint:
LOADFP
LOADSP
STOREFP
LOAD 3
IPRINT
STOREFP
RET 1
; Clase System
System_read:
LOADFP
LOADSP
STOREFP
READ
STORE 3
STOREFP
RET 0
System_printB:
LOADFP
LOADSP
STOREFP
LOAD 3
BPRINT
STOREFP
RET 1
System_printC:
LOADFP
LOADSP
STOREFP
LOAD 3
CPRINT
STOREFP
RET 1
System_printI:
LOADFP
LOADSP
STOREFP
LOAD 3
IPRINT
STOREFP
RET 1
System_printS:
LOADFP
LOADSP
STOREFP
LOAD 3
SPRINT
STOREFP
RET 1
System_println:
LOADFP
LOADSP
STOREFP
PRNLN
STOREFP
RET 0
System_printBln:
LOADFP
LOADSP
STOREFP
LOAD 3
BPRINT
PRNLN
STOREFP
RET 1
System_printCln:
LOADFP
LOADSP
STOREFP
LOAD 3
CPRINT
PRNLN
STOREFP
RET 1
System_printIln:
LOADFP
LOADSP
STOREFP
LOAD 3
IPRINT
PRNLN
STOREFP
RET 1
System_printSln:
LOADFP
LOADSP
STOREFP
LOAD 3
SPRINT
PRNLN
STOREFP
RET 1
ctor_Test75:
LOADFP
LOADSP
STOREFP
STOREFP
RET 1
Test75_classify:
LOADFP
LOADSP
STOREFP
LOAD 3
PUSH 0
    GT
BF end_if_10
PUSH str_0
STORE 4
JUMP end_method_Test75_classify
end_if_10:
LOAD 3
PUSH 0
    LT
BF end_if_11
PUSH str_1
STORE 4
JUMP end_method_Test75_classify
end_if_11:
PUSH str_2
STORE 4
JUMP end_method_Test75_classify
NOP
end_method_Test75_classify:
STOREFP
RET 1
main:
LOADFP
LOADSP
STOREFP
RMEM 1
PUSH 5
PUSH Test75_classify
CALL
PUSH System_printSln
CALL
RMEM 1
PUSH 3
    NEG
PUSH Test75_classify
CALL
PUSH System_printSln
CALL
RMEM 1
PUSH 0
PUSH Test75_classify
CALL
PUSH System_printSln
CALL
JUMP end_method_main
NOP
end_method_main:
STOREFP
RET 0
.DATA
str_1: DW "negative", 0
str_2: DW "zero", 0
str_0: DW "positive", 0
