.DATA
VT_Init27:
DW 0  ; VT vacía
VT_WithConstructor:
DW WithConstructor_init, WithConstructor_getValue
.CODE
PUSH simple_heap_init
CALL
PUSH main
CALL
HALT
simple_heap_init:
RET 0
simple_malloc:
LOADFP
LOADSP
STOREFP
LOADHL
DUP
PUSH 1
ADD
STORE 4
LOAD 3
ADD
STOREHL
STOREFP
RET 1
; Clase Object
Object_debugPrint:
LOADFP
LOADSP
STOREFP
LOAD 3
IPRINT
STOREFP
RET 1
; Clase System
System_read:
LOADFP
LOADSP
STOREFP
READ
STORE 3
STOREFP
RET 0
System_printB:
LOADFP
LOADSP
STOREFP
LOAD 3
BPRINT
STOREFP
RET 1
System_printC:
LOADFP
LOADSP
STOREFP
LOAD 3
CPRINT
STOREFP
RET 1
System_printI:
LOADFP
LOADSP
STOREFP
LOAD 3
IPRINT
STOREFP
RET 1
System_printS:
LOADFP
LOADSP
STOREFP
LOAD 3
SPRINT
STOREFP
RET 1
System_println:
LOADFP
LOADSP
STOREFP
PRNLN
STOREFP
RET 0
System_printBln:
LOADFP
LOADSP
STOREFP
LOAD 3
BPRINT
PRNLN
STOREFP
RET 1
System_printCln:
LOADFP
LOADSP
STOREFP
LOAD 3
CPRINT
PRNLN
STOREFP
RET 1
System_printIln:
LOADFP
LOADSP
STOREFP
LOAD 3
IPRINT
PRNLN
STOREFP
RET 1
System_printSln:
LOADFP
LOADSP
STOREFP
LOAD 3
SPRINT
PRNLN
STOREFP
RET 1
ctor_Init27:
LOADFP
LOADSP
STOREFP
STOREFP
RET 1
main:
LOADFP
LOADSP
STOREFP
RMEM 1
RMEM 1
PUSH 2
PUSH simple_malloc
CALL
DUP
PUSH VT_WithConstructor
STOREREF 0
DUP
PUSH ctor_WithConstructor
CALL
STORE 0
LOAD 0
PUSH 15
SWAP
DUP
LOADREF 0 
LOADREF 0
CALL
LOAD 0
RMEM 1
SWAP
DUP
LOADREF 0 
LOADREF 1
CALL
PUSH Object_debugPrint
CALL
NOP
end_method_main:
FMEM 1
STOREFP
RET 0
ctor_WithConstructor:
LOADFP
LOADSP
STOREFP
STOREFP
RET 1
WithConstructor_init:
LOADFP
LOADSP
STOREFP
LOAD 4
LOAD 3
SWAP
STOREREF 1
NOP
end_method_WithConstructor_init:
STOREFP
RET 2
WithConstructor_getValue:
LOADFP
LOADSP
STOREFP
LOAD 3
LOADREF 1
STORE 4
JUMP end_method_WithConstructor_getValue
NOP
end_method_WithConstructor_getValue:
STOREFP
RET 1
