.DATA
VT_Object:
DW 0  ; VT vacía
VT_String:
DW 0  ; VT vacía
VT_System:
DW 0  ; VT vacía
VT_ClaseC6:
DW ClaseA6_getComun
VT_ClaseA6:
DW ClaseA6_getComun
VT_ClaseB6:
DW ClaseB6_getComun
VT_TestHerenciaDiamante:
DW 0  ; VT vacía
.CODE
PUSH simple_heap_init
CALL
PUSH main
CALL
HALT
simple_heap_init:
RET 0
simple_malloc:
LOADFP
LOADSP
STOREFP
LOADHL
DUP
PUSH 1
ADD
STORE 4
LOAD 3
ADD
STOREHL
STOREFP
RET 1
ctor_Object:
LOADFP
LOADSP
STOREFP
STOREFP
RET 1
ctor_String:
LOADFP
LOADSP
STOREFP
STOREFP
RET 1
ctor_System:
LOADFP
LOADSP
STOREFP
STOREFP
RET 1
; Clase Object
Object_debugPrint:
LOADFP
LOADSP
STOREFP
LOAD 3
IPRINT
STOREFP
RET 1
; Clase System
System_read:
LOADFP
LOADSP
STOREFP
READ
STORE 3
STOREFP
RET 0
System_printB:
LOADFP
LOADSP
STOREFP
LOAD 3
BPRINT
STOREFP
RET 1
System_printC:
LOADFP
LOADSP
STOREFP
LOAD 3
CPRINT
STOREFP
RET 1
System_printI:
LOADFP
LOADSP
STOREFP
LOAD 3
IPRINT
STOREFP
RET 1
System_printS:
LOADFP
LOADSP
STOREFP
LOAD 3
SPRINT
STOREFP
RET 1
System_println:
LOADFP
LOADSP
STOREFP
PRNLN
STOREFP
RET 0
System_printBln:
LOADFP
LOADSP
STOREFP
LOAD 3
BPRINT
PRNLN
STOREFP
RET 1
System_printCln:
LOADFP
LOADSP
STOREFP
LOAD 3
CPRINT
PRNLN
STOREFP
RET 1
System_printIln:
LOADFP
LOADSP
STOREFP
LOAD 3
IPRINT
PRNLN
STOREFP
RET 1
System_printSln:
LOADFP
LOADSP
STOREFP
LOAD 3
SPRINT
PRNLN
STOREFP
RET 1
ctor_ClaseC6:
LOADFP
LOADSP
STOREFP
PUSH 200
LOAD 3
SWAP
STOREREF 2
STOREFP
RET 1
ctor_ClaseA6:
LOADFP
LOADSP
STOREFP
PUSH 10
LOAD 3
SWAP
STOREREF 1
STOREFP
RET 1
ClaseA6_getComun:
LOADFP
LOADSP
STOREFP
PUSH 10
LOAD 3
SWAP
STOREREF 1
LOAD 3
LOADREF 1
STORE 4
JUMP end_method_ClaseA6_getComun
NOP
end_method_ClaseA6_getComun:
STOREFP
RET 1
ctor_ClaseB6:
LOADFP
LOADSP
STOREFP
PUSH 100
LOAD 3
SWAP
STOREREF 2
STOREFP
RET 1
ClaseB6_getComun:
LOADFP
LOADSP
STOREFP
PUSH 20
LOAD 3
SWAP
STOREREF 1
LOAD 3
LOADREF 1
STORE 4
JUMP end_method_ClaseB6_getComun
NOP
end_method_ClaseB6_getComun:
STOREFP
RET 1
ctor_TestHerenciaDiamante:
LOADFP
LOADSP
STOREFP
STOREFP
RET 1
main:
LOADFP
LOADSP
STOREFP
RMEM 1
RMEM 1
PUSH 3
PUSH simple_malloc
CALL
DUP
PUSH VT_ClaseB6
STOREREF 0
DUP
PUSH ctor_ClaseB6
CALL
STORE 0
RMEM 1
RMEM 1
PUSH 3
PUSH simple_malloc
CALL
DUP
PUSH VT_ClaseC6
STOREREF 0
DUP
PUSH ctor_ClaseC6
CALL
STORE -1
LOAD 0
RMEM 1
SWAP
DUP
LOADREF 0 
LOADREF 0
CALL
PUSH System_printIln
CALL
LOAD 0
LOADREF 2
PUSH System_printIln
CALL
LOAD -1
RMEM 1
SWAP
DUP
LOADREF 0 
LOADREF 0
CALL
PUSH System_printIln
CALL
LOAD -1
LOADREF 2
PUSH System_printIln
CALL
JUMP end_method_main
NOP
end_method_main:
FMEM 2
STOREFP
RET 0
