.DATA
VT_Object:
DW 0  ; VT vacía
VT_String:
DW 0  ; VT vacía
VT_System:
DW 0  ; VT vacía
VT_TestShadowingCoexistencia:
DW 0  ; VT vacía
VT_ClaseA4:
DW ClaseA4_obtenerValorHeredado
VT_ClaseB4:
DW ClaseA4_obtenerValorHeredado, ClaseB4_obtenerValorPropio
.CODE
PUSH simple_heap_init
CALL
PUSH main
CALL
HALT
simple_heap_init:
RET 0
simple_malloc:
LOADFP
LOADSP
STOREFP
LOADHL
DUP
PUSH 1
ADD
STORE 4
LOAD 3
ADD
STOREHL
STOREFP
RET 1
ctor_Object:
LOADFP
LOADSP
STOREFP
STOREFP
RET 1
ctor_String:
LOADFP
LOADSP
STOREFP
STOREFP
RET 1
ctor_System:
LOADFP
LOADSP
STOREFP
STOREFP
RET 1
; Clase Object
Object_debugPrint:
LOADFP
LOADSP
STOREFP
LOAD 3
IPRINT
STOREFP
RET 1
; Clase System
System_read:
LOADFP
LOADSP
STOREFP
READ
STORE 3
STOREFP
RET 0
System_printB:
LOADFP
LOADSP
STOREFP
LOAD 3
BPRINT
STOREFP
RET 1
System_printC:
LOADFP
LOADSP
STOREFP
LOAD 3
CPRINT
STOREFP
RET 1
System_printI:
LOADFP
LOADSP
STOREFP
LOAD 3
IPRINT
STOREFP
RET 1
System_printS:
LOADFP
LOADSP
STOREFP
LOAD 3
SPRINT
STOREFP
RET 1
System_println:
LOADFP
LOADSP
STOREFP
PRNLN
STOREFP
RET 0
System_printBln:
LOADFP
LOADSP
STOREFP
LOAD 3
BPRINT
PRNLN
STOREFP
RET 1
System_printCln:
LOADFP
LOADSP
STOREFP
LOAD 3
CPRINT
PRNLN
STOREFP
RET 1
System_printIln:
LOADFP
LOADSP
STOREFP
LOAD 3
IPRINT
PRNLN
STOREFP
RET 1
System_printSln:
LOADFP
LOADSP
STOREFP
LOAD 3
SPRINT
PRNLN
STOREFP
RET 1
ctor_TestShadowingCoexistencia:
LOADFP
LOADSP
STOREFP
STOREFP
RET 1
main:
LOADFP
LOADSP
STOREFP
RMEM 1
RMEM 1
PUSH 3
PUSH simple_malloc
CALL
DUP
PUSH VT_ClaseB4
STOREREF 0
DUP
PUSH ctor_ClaseB4
CALL
STORE 0
LOAD 0
RMEM 1
SWAP
DUP
LOADREF 0 
LOADREF 0
CALL
PUSH System_printIln
CALL
LOAD 0
RMEM 1
SWAP
DUP
LOADREF 0 
LOADREF 1
CALL
PUSH System_printIln
CALL
JUMP end_method_main
NOP
end_method_main:
FMEM 1
STOREFP
RET 0
ctor_ClaseA4:
LOADFP
LOADSP
STOREFP
PUSH 111
LOAD 3
SWAP
STOREREF 1
STOREFP
RET 1
ClaseA4_obtenerValorHeredado:
LOADFP
LOADSP
STOREFP
PUSH 111
LOAD 3
SWAP
STOREREF 1
LOAD 3
LOADREF 1
STORE 4
JUMP end_method_ClaseA4_obtenerValorHeredado
NOP
end_method_ClaseA4_obtenerValorHeredado:
STOREFP
RET 1
ctor_ClaseB4:
LOADFP
LOADSP
STOREFP
PUSH 222
LOAD 3
SWAP
STOREREF 2
STOREFP
RET 1
ClaseB4_obtenerValorPropio:
LOADFP
LOADSP
STOREFP
LOAD 3
LOADREF 2
STORE 4
JUMP end_method_ClaseB4_obtenerValorPropio
NOP
end_method_ClaseB4_obtenerValorPropio:
STOREFP
RET 1
